SF:lib/data/models/movie/genre_model.dart
DA:6,4
DA:14,4
DA:15,2
DA:16,2
DA:19,0
DA:20,0
DA:21,0
DA:24,2
DA:25,6
DA:28,2
DA:29,6
LF:11
LH:8
end_of_record
SF:lib/data/models/serial/season_serial_model.dart
DA:14,2
DA:24,2
DA:25,1
DA:26,1
DA:27,1
DA:28,1
DA:29,1
DA:30,1
DA:31,1
DA:34,0
DA:35,0
DA:36,0
DA:37,0
DA:38,0
DA:39,0
DA:40,0
DA:41,0
DA:44,1
DA:45,1
DA:46,1
DA:47,1
DA:48,1
DA:49,1
DA:50,1
DA:51,1
DA:52,1
DA:56,1
DA:57,1
DA:58,1
DA:59,1
DA:60,1
DA:61,1
DA:62,1
DA:63,1
DA:64,1
LF:35
LH:27
end_of_record
SF:lib/data/models/serial/serial_detail_model.dart
DA:33,2
DA:59,2
DA:60,1
DA:61,1
DA:62,1
DA:63,4
DA:64,4
DA:65,1
DA:66,1
DA:67,1
DA:68,1
DA:69,5
DA:70,1
DA:71,1
DA:72,2
DA:73,1
DA:74,1
DA:75,1
DA:76,1
DA:77,2
DA:78,1
DA:79,1
DA:80,1
DA:81,1
DA:82,5
DA:85,0
DA:86,0
DA:87,0
DA:88,0
DA:89,0
DA:90,0
DA:91,0
DA:92,0
DA:93,0
DA:94,0
DA:95,0
DA:96,0
DA:97,0
DA:98,0
DA:99,0
DA:100,0
DA:101,0
DA:102,0
DA:103,0
DA:104,0
DA:105,0
DA:106,0
DA:107,0
DA:108,0
DA:111,1
DA:112,1
DA:113,1
DA:114,1
DA:115,1
DA:116,1
DA:117,1
DA:118,1
DA:119,1
DA:120,5
DA:121,5
DA:122,1
DA:123,1
DA:124,1
DA:125,1
DA:126,1
DA:127,1
DA:128,1
DA:132,1
DA:133,1
DA:134,1
DA:135,1
DA:136,1
DA:137,1
DA:138,1
DA:139,1
DA:140,1
DA:141,1
DA:142,1
DA:143,1
DA:144,1
DA:145,1
DA:146,1
DA:147,1
DA:148,1
DA:149,1
DA:150,1
DA:151,1
DA:152,1
DA:153,1
DA:154,1
DA:155,1
DA:156,1
LF:92
LH:68
end_of_record
SF:lib/data/models/serial/serial_model.dart
DA:20,4
DA:36,4
DA:37,2
DA:38,2
DA:39,2
DA:40,2
DA:41,8
DA:42,4
DA:43,4
DA:44,2
DA:45,2
DA:46,2
DA:47,2
DA:48,2
DA:49,8
DA:52,2
DA:53,1
DA:54,1
DA:55,1
DA:56,1
DA:57,4
DA:58,1
DA:59,1
DA:60,1
DA:61,1
DA:62,1
DA:63,1
DA:64,1
DA:65,4
DA:68,2
DA:69,2
DA:70,2
DA:71,2
DA:72,2
DA:73,2
DA:74,2
DA:75,2
DA:76,2
DA:77,2
DA:78,2
DA:79,2
DA:80,2
DA:81,2
DA:82,2
DA:86,2
DA:87,2
DA:88,2
DA:89,2
DA:90,2
DA:91,2
DA:92,2
DA:93,2
DA:94,2
DA:95,2
DA:96,2
DA:97,2
DA:98,2
DA:99,2
DA:100,2
LF:59
LH:59
end_of_record
SF:lib/data/models/serial/serial_table.dart
DA:13,2
DA:20,2
DA:21,1
DA:22,1
DA:23,1
DA:24,1
DA:30,2
DA:31,1
DA:32,1
DA:33,1
DA:34,1
DA:39,0
DA:40,0
DA:41,0
DA:42,0
DA:43,0
DA:46,2
DA:47,1
DA:48,1
DA:49,1
DA:51,1
DA:54,2
DA:55,2
DA:56,2
DA:57,2
DA:58,2
DA:59,2
LF:27
LH:22
end_of_record
SF:lib/domain/entities/movie/genre.dart
DA:4,14
DA:12,4
DA:13,12
LF:3
LH:3
end_of_record
SF:lib/domain/entities/serial/season_serial.dart
DA:14,7
DA:24,2
DA:25,2
DA:26,2
DA:27,2
DA:28,2
DA:29,2
DA:30,2
DA:31,2
DA:32,2
LF:10
LH:10
end_of_record
SF:lib/domain/entities/serial/serial.dart
DA:19,14
DA:35,2
DA:52,7
DA:53,7
DA:54,7
DA:55,7
DA:56,7
DA:57,7
DA:58,7
DA:59,7
DA:60,7
DA:61,7
DA:62,7
DA:63,7
DA:64,7
DA:65,7
DA:66,7
LF:17
LH:17
end_of_record
SF:lib/domain/entities/serial/serial_detail.dart
DA:7,7
DA:44,2
DA:45,2
DA:46,2
DA:47,2
DA:48,2
DA:49,2
DA:50,2
DA:51,2
DA:52,2
DA:53,2
DA:54,2
DA:55,2
DA:56,2
DA:57,2
DA:58,2
DA:59,2
DA:60,2
DA:61,2
LF:19
LH:19
end_of_record
SF:lib/presentation/bloc/serial/popular/serial_popular_state.dart
DA:6,1
DA:7,1
DA:13,2
DA:15,1
DA:16,2
DA:22,3
DA:24,1
DA:25,2
DA:29,1
DA:30,1
LF:10
LH:10
end_of_record
SF:lib/presentation/bloc/serial/popular/serial_popular_event.dart
DA:6,1
DA:7,1
LF:2
LH:2
end_of_record
SF:lib/presentation/bloc/serial/popular/serial_popular_bloc.dart
DA:14,1
DA:15,2
DA:16,2
DA:19,1
DA:21,2
DA:23,2
DA:25,1
DA:26,1
DA:27,3
DA:29,1
DA:30,1
DA:31,2
DA:33,2
LF:13
LH:13
end_of_record
SF:lib/presentation/pages/serial/popular_serial_page.dart
DA:12,1
DA:13,1
DA:17,1
DA:19,1
DA:20,2
DA:21,4
DA:24,1
DA:26,1
DA:27,1
DA:28,1
DA:30,1
DA:32,1
DA:33,1
DA:34,1
DA:38,1
DA:39,1
DA:41,1
DA:42,2
DA:43,1
DA:45,2
DA:47,1
DA:48,1
DA:50,2
LF:23
LH:23
end_of_record
SF:lib/common/constants.dart
DA:15,4
DA:16,2
DA:17,39
DA:19,9
DA:21,3
DA:25,0
DA:26,0
DA:27,0
DA:28,0
DA:29,0
LF:10
LH:5
end_of_record
SF:lib/common/failure.dart
DA:6,14
DA:8,2
DA:9,4
DA:13,28
DA:17,4
DA:21,8
LF:6
LH:6
end_of_record
SF:lib/domain/usecases/serial/get_popular_serial.dart
DA:10,1
DA:12,1
DA:13,2
LF:3
LH:3
end_of_record
SF:lib/domain/usecases/serial/get_serial_detail.dart
DA:10,1
DA:12,1
DA:13,2
LF:3
LH:3
end_of_record
SF:lib/domain/usecases/serial/get_serial_recomendations.dart
DA:11,1
DA:13,1
DA:14,2
LF:3
LH:3
end_of_record
SF:lib/domain/usecases/serial/get_watchlist_serial.dart
DA:11,1
DA:13,1
DA:14,2
LF:3
LH:3
end_of_record
SF:lib/domain/usecases/serial/get_watchlist_status_serial.dart
DA:9,1
DA:11,1
DA:12,2
LF:3
LH:3
end_of_record
SF:lib/domain/usecases/serial/remove_watchlist_serial.dart
DA:10,1
DA:12,1
DA:13,2
LF:3
LH:3
end_of_record
SF:lib/domain/usecases/serial/save_watchlist_serial.dart
DA:10,1
DA:12,1
DA:13,2
LF:3
LH:3
end_of_record
SF:lib/presentation/bloc/serial/detail/serial_detail_state.dart
DA:4,2
DA:5,0
DA:6,0
DA:11,1
DA:12,1
DA:18,2
DA:20,1
DA:21,2
DA:27,2
DA:29,1
DA:30,2
DA:34,1
DA:35,1
LF:13
LH:11
end_of_record
SF:lib/presentation/bloc/serial/detail/serial_detail_bloc.dart
DA:13,3
DA:14,2
DA:17,1
DA:19,1
DA:20,2
DA:22,2
DA:24,1
DA:25,1
DA:26,3
DA:28,1
DA:29,2
LF:11
LH:11
end_of_record
SF:lib/presentation/bloc/serial/detail/serial_detail_event.dart
DA:8,2
DA:10,1
DA:11,2
LF:3
LH:3
end_of_record
SF:lib/presentation/bloc/serial/recommendation/serial_recommendation_event.dart
DA:9,1
DA:11,0
DA:12,0
LF:3
LH:1
end_of_record
SF:lib/presentation/bloc/serial/recommendation/serial_recommendation_state.dart
DA:4,1
DA:5,0
DA:6,0
DA:11,0
DA:12,0
DA:18,0
DA:20,0
DA:21,0
DA:27,1
DA:29,0
DA:30,0
DA:34,0
DA:35,0
LF:13
LH:2
end_of_record
SF:lib/presentation/bloc/serial/recommendation/serial_recommendation_bloc.dart
DA:15,0
DA:16,0
DA:17,0
DA:20,0
DA:22,0
DA:23,0
DA:25,0
DA:27,0
DA:28,0
DA:29,0
DA:31,0
DA:32,0
DA:33,0
DA:35,0
LF:14
LH:0
end_of_record
SF:lib/presentation/bloc/serial/watchlist/serial_watchlist_bloc.dart
DA:24,1
DA:29,2
DA:30,2
DA:31,2
DA:32,2
DA:33,2
DA:36,1
DA:40,2
DA:42,2
DA:44,1
DA:45,1
DA:46,3
DA:48,1
DA:49,1
DA:50,2
DA:51,2
DA:56,1
DA:60,1
DA:62,2
DA:64,2
DA:67,1
DA:71,1
DA:73,2
DA:75,1
DA:76,1
DA:77,3
DA:79,1
DA:80,2
DA:85,1
DA:89,1
DA:91,2
DA:93,1
DA:94,1
DA:95,3
DA:97,1
DA:98,2
LF:36
LH:36
end_of_record
SF:lib/presentation/bloc/serial/watchlist/serial_watchlist_state.dart
DA:6,1
DA:7,1
DA:11,1
DA:12,1
DA:16,1
DA:17,1
DA:23,2
DA:25,1
DA:26,2
DA:32,2
DA:34,1
DA:35,2
DA:41,2
DA:43,1
DA:44,2
DA:50,1
DA:52,1
DA:53,2
LF:18
LH:18
end_of_record
SF:lib/presentation/bloc/serial/watchlist/serial_watchlist_event.dart
DA:6,1
DA:7,1
DA:13,2
DA:15,1
DA:16,2
DA:21,1
DA:23,1
DA:24,1
DA:30,1
DA:32,1
DA:33,1
LF:11
LH:11
end_of_record
SF:lib/presentation/pages/serial/detail_serial_page.dart
DA:16,1
DA:18,1
DA:19,1
DA:23,1
DA:25,1
DA:26,1
DA:27,1
DA:28,6
DA:30,6
DA:32,6
DA:38,1
DA:40,1
DA:41,3
DA:42,2
DA:44,1
DA:45,1
DA:46,1
DA:47,1
DA:51,1
DA:52,1
DA:53,1
DA:54,1
DA:56,1
DA:78,1
DA:80,1
DA:81,1
DA:85,1
DA:87,3
DA:88,1
DA:89,1
DA:90,1
DA:91,4
DA:93,2
DA:94,1
DA:96,0
DA:98,1
DA:100,1
DA:101,1
DA:102,1
DA:103,1
DA:105,2
DA:112,1
DA:113,1
DA:114,1
DA:116,1
DA:118,1
DA:120,1
DA:121,1
DA:122,3
DA:123,1
DA:125,1
DA:126,0
DA:127,0
DA:128,0
DA:129,0
DA:131,0
DA:132,0
DA:133,0
DA:142,0
DA:144,0
DA:145,0
DA:146,0
DA:147,0
DA:151,0
DA:155,0
DA:156,0
DA:157,0
DA:158,0
DA:159,0
DA:164,0
DA:166,0
DA:167,0
DA:168,0
DA:173,1
DA:175,1
DA:176,2
DA:183,1
DA:184,4
DA:186,1
DA:187,1
DA:188,1
DA:189,4
DA:191,2
DA:197,5
DA:200,1
DA:201,1
DA:203,1
DA:205,1
DA:206,3
DA:208,1
DA:209,1
DA:211,1
DA:213,1
DA:215,1
DA:217,5
DA:218,1
DA:219,1
DA:220,1
DA:222,1
DA:224,1
DA:227,1
DA:228,1
DA:229,1
DA:230,1
DA:232,1
DA:233,2
DA:234,1
DA:240,1
DA:243,1
DA:244,1
DA:246,1
DA:248,1
DA:250,1
DA:251,1
DA:256,1
DA:257,0
DA:259,1
DA:260,1
DA:261,1
DA:263,1
DA:265,1
DA:266,1
DA:267,1
DA:269,1
DA:270,0
DA:271,0
DA:274,0
DA:277,1
DA:282,1
DA:284,2
DA:285,1
DA:291,0
DA:298,1
DA:302,0
DA:310,1
DA:312,1
DA:327,1
DA:329,1
DA:332,1
DA:333,1
DA:334,0
DA:335,0
DA:344,1
DA:346,2
DA:347,3
DA:350,1
DA:354,3
LF:147
LH:116
end_of_record
SF:lib/presentation/widgets/serial_card_list.dart
DA:12,5
DA:14,5
DA:16,5
DA:18,5
DA:19,0
DA:20,0
DA:23,0
DA:26,5
DA:28,5
DA:29,5
DA:30,5
DA:36,5
DA:38,5
DA:39,5
DA:40,10
DA:43,5
DA:45,5
DA:46,5
DA:47,10
DA:55,5
DA:60,5
DA:61,5
DA:62,15
DA:64,10
DA:65,5
DA:67,0
DA:69,10
LF:27
LH:23
end_of_record
SF:lib/presentation/bloc/movie/detail/detail_movie_state.dart
DA:7,2
DA:8,0
DA:9,0
DA:14,1
DA:15,1
DA:21,2
DA:23,1
DA:24,2
DA:30,2
DA:32,1
DA:33,2
DA:37,1
DA:38,1
LF:13
LH:11
end_of_record
SF:lib/presentation/bloc/movie/detail/detail_movie_event.dart
DA:8,2
DA:10,1
DA:11,2
LF:3
LH:3
end_of_record
SF:lib/presentation/bloc/movie/detail/detail_movie_bloc.dart
DA:14,3
DA:15,2
DA:18,1
DA:20,1
DA:21,2
DA:23,2
DA:25,1
DA:26,1
DA:27,3
DA:29,1
DA:30,2
LF:11
LH:11
end_of_record
SF:lib/presentation/bloc/movie/now_playing/now_playing_movie_state.dart
DA:8,1
DA:9,1
DA:15,2
DA:17,1
DA:18,2
DA:24,2
DA:26,1
DA:27,2
DA:31,1
DA:32,1
LF:10
LH:10
end_of_record
SF:lib/presentation/bloc/movie/now_playing/now_playing_movie_event.dart
DA:6,1
DA:7,1
LF:2
LH:2
end_of_record
SF:lib/presentation/bloc/movie/now_playing/now_playing_movie_bloc.dart
DA:16,1
DA:17,2
DA:18,2
DA:21,1
DA:23,2
DA:25,2
DA:27,1
DA:28,1
DA:29,3
DA:31,1
DA:32,1
DA:33,2
DA:35,2
LF:13
LH:13
end_of_record
SF:lib/presentation/bloc/movie/popular/popular_movie_state.dart
DA:8,1
DA:9,1
DA:15,3
DA:17,1
DA:18,2
DA:24,3
DA:26,1
DA:27,2
DA:31,1
DA:32,1
LF:10
LH:10
end_of_record
SF:lib/presentation/bloc/movie/popular/popular_movie_bloc.dart
DA:16,1
DA:17,2
DA:18,2
DA:21,1
DA:23,2
DA:25,2
DA:27,1
DA:28,1
DA:29,3
DA:31,1
DA:32,1
DA:33,2
DA:35,2
LF:13
LH:13
end_of_record
SF:lib/presentation/bloc/movie/popular/popular_movie_event.dart
DA:6,1
DA:7,1
LF:2
LH:2
end_of_record
SF:lib/presentation/bloc/movie/recommendation/recomendation_movie_state.dart
DA:6,1
DA:7,0
DA:8,0
DA:13,0
DA:14,0
DA:20,0
DA:22,0
DA:23,0
DA:29,1
DA:31,0
DA:32,0
DA:36,0
DA:37,0
LF:13
LH:2
end_of_record
SF:lib/presentation/bloc/movie/recommendation/recomendation_movie_event.dart
DA:8,1
DA:10,0
DA:11,0
LF:3
LH:1
end_of_record
SF:lib/presentation/bloc/movie/recommendation/recomendation_movie_bloc.dart
DA:15,0
DA:16,0
DA:17,0
DA:20,0
DA:22,0
DA:23,0
DA:25,0
DA:27,0
DA:28,0
DA:29,0
DA:31,0
DA:32,0
DA:33,0
DA:35,0
LF:14
LH:0
end_of_record
SF:lib/presentation/bloc/movie/top_rated/top_rated_movie_state.dart
DA:8,1
DA:9,1
DA:15,3
DA:17,1
DA:18,2
DA:24,3
DA:26,1
DA:27,2
DA:31,1
DA:32,1
LF:10
LH:10
end_of_record
SF:lib/presentation/bloc/movie/top_rated/top_rated_movie_bloc.dart
DA:16,1
DA:17,2
DA:18,2
DA:21,1
DA:23,2
DA:25,2
DA:27,1
DA:28,1
DA:29,3
DA:31,1
DA:32,1
DA:33,2
DA:35,2
LF:13
LH:13
end_of_record
SF:lib/presentation/bloc/movie/top_rated/top_rated_movie_event.dart
DA:6,1
DA:7,1
LF:2
LH:2
end_of_record
SF:lib/presentation/bloc/movie/watchlist/watchlist_movie_state.dart
DA:6,1
DA:7,1
DA:11,1
DA:12,1
DA:16,1
DA:17,1
DA:23,2
DA:25,1
DA:26,2
DA:32,2
DA:34,1
DA:35,2
DA:41,2
DA:43,1
DA:44,2
DA:50,1
DA:52,1
DA:53,2
LF:18
LH:18
end_of_record
SF:lib/presentation/bloc/movie/watchlist/watchlist_movie_event.dart
DA:6,1
DA:7,1
DA:13,2
DA:15,1
DA:16,2
DA:21,1
DA:23,1
DA:24,2
DA:30,1
DA:32,1
DA:33,2
LF:11
LH:11
end_of_record
SF:lib/presentation/bloc/movie/watchlist/watchlist_movie_bloc.dart
DA:24,1
DA:29,2
DA:30,2
DA:31,2
DA:32,2
DA:33,2
DA:36,1
DA:40,2
DA:42,2
DA:44,1
DA:45,1
DA:46,3
DA:48,1
DA:49,1
DA:50,2
DA:51,2
DA:56,1
DA:60,1
DA:62,2
DA:64,2
DA:67,1
DA:71,1
DA:73,2
DA:75,1
DA:76,1
DA:77,3
DA:79,1
DA:80,2
DA:85,1
DA:89,1
DA:91,2
DA:93,1
DA:94,1
DA:95,3
DA:97,1
DA:98,2
LF:36
LH:36
end_of_record
SF:lib/presentation/bloc/serial/playing/serial_now_playing_state.dart
DA:8,1
DA:9,1
DA:15,2
DA:17,1
DA:18,2
DA:24,3
DA:26,1
DA:27,2
DA:31,1
DA:32,1
LF:10
LH:10
end_of_record
SF:lib/presentation/bloc/serial/playing/serial_now_playing_event.dart
DA:6,1
DA:7,1
LF:2
LH:2
end_of_record
SF:lib/presentation/bloc/serial/playing/serial_now_playing_bloc.dart
DA:13,1
DA:14,2
DA:15,2
DA:18,1
DA:20,2
DA:22,2
DA:24,1
DA:25,1
DA:26,3
DA:28,1
DA:29,1
DA:30,2
DA:32,2
LF:13
LH:13
end_of_record
SF:lib/presentation/bloc/serial/rated/serial_rated_event.dart
DA:6,1
DA:7,1
LF:2
LH:2
end_of_record
SF:lib/presentation/bloc/serial/rated/serial_rated_state.dart
DA:6,1
DA:7,1
DA:13,2
DA:15,1
DA:16,2
DA:22,3
DA:24,1
DA:25,2
DA:29,1
DA:30,1
LF:10
LH:10
end_of_record
SF:lib/presentation/bloc/serial/rated/serial_rated_bloc.dart
DA:14,1
DA:15,2
DA:16,2
DA:19,1
DA:21,2
DA:23,2
DA:25,1
DA:26,1
DA:27,3
DA:29,1
DA:30,1
DA:31,2
DA:33,2
LF:13
LH:13
end_of_record
SF:lib/presentation/pages/serial/serial_list_page.dart
DA:20,1
DA:22,1
DA:23,1
DA:27,1
DA:29,1
DA:30,1
DA:31,1
DA:32,4
DA:33,4
DA:34,4
DA:39,1
DA:41,1
DA:42,1
DA:43,1
DA:44,1
DA:45,1
DA:46,0
DA:47,0
DA:49,1
DA:51,1
DA:52,0
DA:53,0
DA:55,1
DA:59,1
DA:61,1
DA:62,1
DA:64,1
DA:65,1
DA:67,0
DA:68,0
DA:71,1
DA:72,1
DA:73,1
DA:77,1
DA:78,1
DA:79,1
DA:80,0
DA:81,0
DA:82,0
DA:83,0
DA:87,0
DA:88,0
DA:93,1
DA:95,0
DA:96,0
DA:99,1
DA:100,1
DA:101,1
DA:105,1
DA:106,1
DA:107,1
DA:108,0
DA:109,0
DA:110,0
DA:111,0
DA:115,0
DA:116,0
DA:121,1
DA:123,0
DA:124,0
DA:127,1
DA:128,1
DA:129,1
DA:133,1
DA:134,1
DA:135,1
DA:136,0
DA:137,0
DA:138,0
DA:139,0
DA:143,0
DA:144,0
DA:157,1
DA:158,1
DA:160,1
DA:161,1
DA:163,1
DA:165,1
DA:167,1
DA:169,1
DA:170,3
DA:181,1
DA:183,1
DA:185,1
DA:187,1
DA:189,1
DA:190,2
DA:191,1
DA:193,1
DA:194,0
DA:195,0
DA:198,0
DA:201,1
DA:202,2
DA:203,1
DA:204,2
DA:205,2
DA:206,1
DA:208,0
DA:214,2
LF:100
LH:68
end_of_record
SF:lib/common/utils.dart
DA:3,6
LF:1
LH:1
end_of_record
SF:lib/domain/entities/movie/movie.dart
DA:6,13
DA:22,2
DA:43,7
DA:44,7
DA:45,7
DA:46,7
DA:47,7
DA:48,7
DA:49,7
DA:50,7
DA:51,7
DA:52,7
DA:53,7
DA:54,7
DA:55,7
DA:56,7
DA:57,7
LF:17
LH:17
end_of_record
SF:lib/domain/entities/movie/movie_detail.dart
DA:5,7
DA:33,2
DA:34,2
DA:35,2
DA:36,2
DA:37,2
DA:38,2
DA:39,2
DA:40,2
DA:41,2
DA:42,2
DA:43,2
DA:44,2
DA:45,2
LF:14
LH:14
end_of_record
SF:lib/domain/usecases/movie/get_movie_detail.dart
DA:10,1
DA:12,1
DA:13,2
LF:3
LH:3
end_of_record
SF:lib/domain/usecases/movie/get_movie_recommendations.dart
DA:9,1
DA:11,1
DA:12,2
LF:3
LH:3
end_of_record
SF:lib/domain/usecases/movie/get_now_playing_movies.dart
DA:9,1
DA:11,1
DA:12,2
LF:3
LH:3
end_of_record
SF:lib/domain/usecases/movie/get_popular_movies.dart
DA:9,1
DA:11,1
DA:12,2
LF:3
LH:3
end_of_record
SF:lib/domain/usecases/movie/get_top_rated_movies.dart
DA:9,1
DA:11,1
DA:12,2
LF:3
LH:3
end_of_record
SF:lib/domain/usecases/movie/get_watchlist_movies.dart
DA:10,1
DA:12,1
DA:13,2
LF:3
LH:3
end_of_record
SF:lib/domain/usecases/movie/get_watchlist_status.dart
DA:6,1
DA:8,1
DA:9,2
LF:3
LH:3
end_of_record
SF:lib/domain/usecases/movie/remove_watchlist.dart
DA:10,1
DA:12,1
DA:13,2
LF:3
LH:3
end_of_record
SF:lib/domain/usecases/movie/save_watchlist.dart
DA:10,1
DA:12,1
DA:13,2
LF:3
LH:3
end_of_record
SF:lib/domain/usecases/movie/search_movies.dart
DA:10,1
DA:12,1
DA:13,2
LF:3
LH:3
end_of_record
SF:lib/domain/usecases/serial/get_now_playing_serial.dart
DA:10,1
DA:12,1
DA:13,2
LF:3
LH:3
end_of_record
SF:lib/domain/usecases/serial/get_top_rated_serial.dart
DA:11,1
DA:13,1
DA:14,2
LF:3
LH:3
end_of_record
SF:lib/domain/usecases/serial/search_serial.dart
DA:11,1
DA:13,1
DA:14,2
LF:3
LH:3
end_of_record
SF:lib/presentation/bloc/movie/search/search_movie_state.dart
DA:4,2
DA:6,1
DA:7,1
DA:17,2
DA:19,1
DA:20,2
DA:26,2
DA:28,1
DA:29,2
LF:9
LH:9
end_of_record
SF:lib/presentation/bloc/movie/search/search_movie_event.dart
DA:4,2
DA:6,0
DA:7,0
DA:12,2
DA:14,0
DA:15,0
LF:6
LH:2
end_of_record
SF:lib/presentation/bloc/movie/search/search_movie_bloc.dart
DA:14,3
DA:15,1
DA:16,1
DA:17,1
DA:19,2
DA:20,2
DA:22,1
DA:23,1
DA:24,3
DA:26,1
DA:27,2
DA:30,1
DA:35,2
DA:36,6
LF:14
LH:14
end_of_record
SF:lib/presentation/bloc/serial/search/serial_search_bloc.dart
DA:14,3
DA:15,2
DA:16,1
DA:18,2
DA:19,2
DA:21,1
DA:22,1
DA:23,3
DA:25,1
DA:26,2
DA:29,1
LF:11
LH:11
end_of_record
SF:lib/presentation/bloc/serial/search/serial_search_state.dart
DA:4,2
DA:6,1
DA:7,1
DA:17,2
DA:19,1
DA:20,2
DA:26,2
DA:28,1
DA:29,2
LF:9
LH:9
end_of_record
SF:lib/presentation/bloc/serial/search/serial_search_event.dart
DA:4,1
DA:6,0
DA:7,0
DA:12,1
DA:14,0
DA:15,0
LF:6
LH:2
end_of_record
SF:lib/presentation/pages/serial/now_playing_serial_page.dart
DA:11,1
DA:12,1
DA:16,1
DA:18,1
DA:19,1
DA:20,5
DA:24,1
DA:26,1
DA:27,1
DA:28,1
DA:30,1
DA:32,1
DA:33,1
DA:34,1
DA:38,1
DA:39,1
DA:41,1
DA:42,2
DA:43,1
DA:45,2
DA:47,1
DA:48,1
DA:50,2
LF:23
LH:23
end_of_record
SF:lib/presentation/pages/serial/search_serial_page.dart
DA:12,1
DA:14,1
DA:16,1
DA:17,1
DA:18,1
DA:20,1
DA:22,1
DA:24,1
DA:25,1
DA:26,0
DA:28,0
DA:29,0
DA:31,1
DA:33,1
DA:34,1
DA:38,1
DA:39,1
DA:41,1
DA:43,1
DA:44,1
DA:45,1
DA:49,1
DA:50,1
DA:51,1
DA:52,1
DA:54,1
DA:55,1
DA:56,1
DA:58,1
DA:61,1
DA:62,1
DA:63,1
DA:64,1
DA:65,1
DA:70,1
DA:71,1
DA:73,1
DA:74,1
DA:76,1
DA:79,2
DA:86,0
DA:87,0
LF:42
LH:37
end_of_record
SF:lib/presentation/pages/serial/top_rated_serial_page.dart
DA:12,1
DA:13,1
DA:17,1
DA:19,1
DA:20,2
DA:21,4
DA:25,1
DA:27,1
DA:28,1
DA:29,1
DA:31,1
DA:33,1
DA:34,1
DA:35,1
DA:39,1
DA:40,1
DA:42,1
DA:43,2
DA:44,1
DA:46,2
DA:48,1
DA:49,1
DA:51,2
LF:23
LH:23
end_of_record
SF:lib/presentation/pages/serial/watchlist_serial_page.dart
DA:14,1
DA:15,1
DA:20,1
DA:22,1
DA:23,2
DA:24,4
DA:28,1
DA:30,1
DA:31,4
DA:34,0
DA:35,0
DA:38,1
DA:40,2
DA:42,1
DA:43,1
DA:44,1
DA:48,1
DA:49,1
DA:50,1
DA:51,2
DA:52,1
DA:54,2
DA:56,1
DA:57,1
DA:58,1
DA:60,1
DA:63,1
DA:79,1
DA:81,2
DA:82,1
LF:30
LH:28
end_of_record
SF:lib/data/models/movie/movie_table.dart
DA:12,2
DA:19,2
DA:20,1
DA:21,1
DA:22,1
DA:23,1
DA:26,2
DA:27,1
DA:28,1
DA:29,1
DA:30,1
DA:33,0
DA:34,0
DA:35,0
DA:36,0
DA:37,0
DA:40,2
DA:41,1
DA:42,1
DA:43,1
DA:44,1
DA:47,2
DA:48,10
LF:23
LH:18
end_of_record
SF:lib/presentation/pages/movie/movie_detail_page.dart
DA:17,1
DA:19,1
DA:20,1
DA:24,1
DA:26,1
DA:27,1
DA:28,1
DA:29,6
DA:30,1
DA:31,1
DA:32,4
DA:33,6
DA:38,1
DA:40,2
DA:41,2
DA:42,2
DA:44,1
DA:45,1
DA:46,1
DA:47,1
DA:51,1
DA:52,1
DA:53,1
DA:54,1
DA:56,1
DA:78,1
DA:80,1
DA:81,1
DA:85,1
DA:87,3
DA:88,1
DA:89,1
DA:90,1
DA:91,4
DA:93,1
DA:96,0
DA:98,1
DA:100,1
DA:101,1
DA:102,1
DA:112,1
DA:113,1
DA:114,1
DA:116,1
DA:118,1
DA:120,1
DA:121,1
DA:122,3
DA:123,1
DA:125,1
DA:126,0
DA:127,0
DA:129,0
DA:130,0
DA:132,0
DA:133,0
DA:142,0
DA:143,0
DA:144,0
DA:145,0
DA:146,0
DA:150,0
DA:154,0
DA:155,0
DA:156,0
DA:157,0
DA:158,0
DA:163,0
DA:165,0
DA:166,0
DA:167,0
DA:171,0
DA:172,0
DA:173,0
DA:176,1
DA:178,1
DA:179,2
DA:186,1
DA:187,4
DA:189,1
DA:190,4
DA:192,1
DA:193,1
DA:194,1
DA:195,4
DA:197,1
DA:203,5
DA:207,1
DA:209,1
DA:211,1
DA:212,3
DA:215,1
DA:217,1
DA:219,1
DA:221,1
DA:222,1
DA:226,1
DA:227,0
DA:228,1
DA:229,1
DA:230,1
DA:232,1
DA:234,1
DA:235,1
DA:236,1
DA:238,1
DA:239,0
DA:240,0
DA:243,0
DA:246,1
DA:251,1
DA:253,2
DA:254,1
DA:260,0
DA:267,1
DA:271,0
DA:279,1
DA:281,1
DA:296,1
DA:298,1
DA:301,1
DA:303,0
DA:304,0
DA:313,1
DA:315,2
DA:316,3
DA:319,1
DA:323,3
DA:326,1
DA:327,1
DA:328,1
DA:330,1
DA:331,1
DA:333,0
LF:134
LH:100
end_of_record
SF:lib/presentation/pages/movie/home_movie_page.dart
DA:16,1
DA:17,1
DA:21,1
DA:23,1
DA:24,1
DA:25,1
DA:26,4
DA:27,4
DA:28,4
DA:33,1
DA:35,1
DA:36,1
DA:37,1
DA:38,1
DA:39,1
DA:40,0
DA:41,0
DA:43,1
DA:45,1
DA:46,0
DA:47,0
DA:49,1
DA:53,1
DA:55,1
DA:56,1
DA:58,1
DA:59,1
DA:61,1
DA:63,1
DA:64,1
DA:65,1
DA:69,1
DA:70,1
DA:71,1
DA:72,1
DA:73,1
DA:75,2
DA:77,1
DA:91,1
DA:93,0
DA:94,0
DA:96,1
DA:97,1
DA:98,1
DA:102,1
DA:103,1
DA:105,1
DA:106,1
DA:107,1
DA:109,2
DA:111,1
DA:125,1
DA:127,0
DA:128,0
DA:130,1
DA:131,1
DA:132,1
DA:136,1
DA:137,1
DA:138,1
DA:139,1
DA:140,1
DA:142,2
DA:144,1
DA:165,1
DA:166,1
DA:168,1
DA:169,1
DA:171,1
DA:173,1
DA:175,1
DA:177,1
DA:178,3
DA:190,1
DA:192,1
DA:194,1
DA:196,1
DA:198,1
DA:199,2
DA:200,1
DA:202,1
DA:203,0
DA:204,0
DA:207,0
DA:210,1
DA:211,2
DA:212,1
DA:213,2
DA:214,2
DA:215,1
DA:217,0
DA:223,2
LF:92
LH:80
end_of_record
SF:lib/presentation/pages/movie/popular_movies_page.dart
DA:11,1
DA:12,1
DA:16,1
DA:18,1
DA:19,1
DA:20,5
DA:23,1
DA:25,1
DA:26,1
DA:27,1
DA:29,1
DA:31,1
DA:32,1
DA:33,1
DA:37,1
DA:38,1
DA:40,1
DA:41,2
DA:42,1
DA:44,2
DA:46,1
DA:47,1
DA:49,2
LF:23
LH:23
end_of_record
SF:lib/presentation/pages/movie/search_page.dart
DA:10,1
DA:12,1
DA:13,1
DA:14,1
DA:16,1
DA:18,1
DA:20,1
DA:21,1
DA:22,1
DA:23,3
DA:32,1
DA:33,1
DA:35,1
DA:37,1
DA:38,1
DA:39,1
DA:43,1
DA:44,1
DA:45,1
DA:46,1
DA:48,1
DA:49,1
DA:50,1
DA:52,1
DA:55,1
DA:56,1
DA:57,1
DA:59,2
DA:62,1
DA:63,1
DA:65,1
DA:66,1
DA:68,1
DA:71,2
DA:77,0
DA:78,0
LF:36
LH:34
end_of_record
SF:lib/presentation/pages/movie/top_rated_movies_page.dart
DA:10,1
DA:11,1
DA:15,1
DA:17,1
DA:18,1
DA:19,5
DA:23,1
DA:25,1
DA:26,1
DA:27,1
DA:29,1
DA:31,1
DA:32,1
DA:33,1
DA:37,1
DA:38,1
DA:40,1
DA:41,2
DA:42,1
DA:44,2
DA:46,1
DA:47,1
DA:49,2
LF:23
LH:23
end_of_record
SF:lib/presentation/pages/movie/watchlist_movies_page.dart
DA:11,1
DA:12,1
DA:17,1
DA:19,1
DA:20,1
DA:21,5
DA:25,1
DA:27,1
DA:28,4
DA:31,0
DA:32,0
DA:35,1
DA:37,1
DA:38,1
DA:39,1
DA:41,1
DA:43,1
DA:44,1
DA:45,1
DA:49,1
DA:50,1
DA:51,1
DA:52,2
DA:53,1
DA:55,2
DA:57,1
DA:58,1
DA:59,1
DA:61,1
DA:64,1
DA:80,1
DA:82,2
DA:83,1
LF:33
LH:31
end_of_record
SF:lib/presentation/widgets/movie_card_list.dart
DA:11,4
DA:13,4
DA:15,4
DA:17,4
DA:18,0
DA:19,0
DA:22,0
DA:25,4
DA:27,4
DA:28,4
DA:29,4
DA:35,4
DA:37,4
DA:38,4
DA:39,8
DA:42,4
DA:44,4
DA:45,4
DA:46,8
DA:54,4
DA:59,4
DA:60,4
DA:61,12
DA:63,8
DA:64,4
DA:66,0
DA:68,8
LF:27
LH:23
end_of_record
SF:lib/data/datasources/db/database_helper.dart
DA:9,0
DA:13,0
DA:17,0
DA:19,0
DA:27,0
DA:28,0
DA:29,0
DA:31,0
DA:35,0
DA:36,0
DA:45,0
DA:55,0
DA:56,0
DA:57,0
DA:60,0
DA:61,0
DA:62,0
DA:65,0
DA:66,0
DA:67,0
DA:70,0
DA:74,0
DA:75,0
DA:76,0
DA:79,0
DA:83,0
DA:84,0
DA:85,0
DA:88,0
DA:91,0
DA:92,0
DA:98,0
DA:99,0
DA:100,0
DA:103,0
DA:106,0
DA:107,0
DA:113,0
DA:114,0
DA:116,0
DA:121,0
DA:122,0
DA:124,0
LF:43
LH:0
end_of_record
SF:lib/data/datasources/movie/movie_local_data_source.dart
DA:16,1
DA:18,1
DA:21,2
DA:24,2
DA:28,1
DA:31,2
DA:34,2
DA:38,1
DA:40,2
DA:42,1
DA:48,1
DA:50,2
DA:51,4
LF:13
LH:13
end_of_record
SF:lib/data/datasources/movie/movie_remote_data_source.dart
DA:15,0
DA:17,0
DA:22,0
DA:24,0
DA:25,0
DA:26,0
DA:27,0
DA:28,0
DA:29,0
DA:30,0
DA:49,1
DA:51,1
DA:54,3
DA:56,2
DA:57,4
DA:59,1
DA:63,1
DA:66,4
DA:68,2
DA:69,3
DA:71,1
DA:75,1
DA:77,1
DA:78,3
DA:80,2
DA:81,4
DA:83,1
DA:87,1
DA:90,3
DA:92,2
DA:93,4
DA:95,1
DA:99,1
DA:102,3
DA:104,2
DA:105,4
DA:107,1
DA:111,1
DA:113,1
DA:114,3
DA:116,2
DA:117,4
DA:119,1
LF:43
LH:33
end_of_record
SF:lib/data/datasources/serial_local_data_source.dart
DA:18,1
DA:20,1
DA:23,2
DA:26,2
DA:30,1
DA:33,2
DA:36,2
DA:40,1
DA:42,2
DA:44,1
DA:50,1
DA:52,2
DA:53,4
LF:13
LH:13
end_of_record
SF:lib/data/datasources/serial_remote_data_source.dart
DA:25,1
DA:27,1
DA:30,3
DA:31,2
DA:32,4
DA:34,1
DA:38,1
DA:41,3
DA:43,2
DA:44,4
DA:46,1
DA:50,1
DA:53,3
DA:55,2
DA:56,4
DA:58,1
DA:62,1
DA:64,4
DA:66,2
DA:67,3
DA:69,1
DA:73,1
DA:75,1
DA:76,3
DA:78,2
DA:79,4
DA:81,1
DA:85,1
DA:87,1
DA:88,3
DA:90,2
DA:91,4
DA:93,1
LF:33
LH:33
end_of_record
SF:lib/data/models/movie/movie_detail_model.dart
DA:7,2
DA:53,1
DA:54,1
DA:55,1
DA:56,1
DA:57,1
DA:58,1
DA:59,4
DA:60,1
DA:61,1
DA:62,1
DA:63,1
DA:64,1
DA:65,1
DA:66,2
DA:67,1
DA:68,1
DA:69,1
DA:70,1
DA:71,1
DA:72,1
DA:73,1
DA:74,1
DA:75,2
DA:76,1
DA:79,0
DA:80,0
DA:81,0
DA:82,0
DA:83,0
DA:84,0
DA:85,0
DA:86,0
DA:87,0
DA:88,0
DA:89,0
DA:90,0
DA:91,0
DA:92,0
DA:93,0
DA:94,0
DA:95,0
DA:96,0
DA:97,0
DA:98,0
DA:99,0
DA:100,0
DA:103,1
DA:104,1
DA:105,1
DA:106,1
DA:107,5
DA:108,1
DA:109,1
DA:110,1
DA:111,1
DA:112,1
DA:113,1
DA:114,1
DA:115,1
DA:116,1
DA:120,1
DA:121,1
DA:122,1
DA:123,1
DA:124,1
DA:125,1
DA:126,1
DA:127,1
DA:128,1
DA:129,1
DA:130,1
DA:131,1
DA:132,1
DA:133,1
DA:134,1
DA:135,1
DA:136,1
DA:137,1
DA:138,1
DA:139,1
DA:140,1
DA:141,1
DA:142,1
LF:84
LH:62
end_of_record
SF:lib/data/models/movie/movie_model.dart
DA:6,4
DA:36,4
DA:37,2
DA:38,2
DA:39,8
DA:40,2
DA:41,2
DA:42,2
DA:43,4
DA:44,2
DA:45,2
DA:46,2
DA:47,2
DA:48,4
DA:49,2
DA:52,2
DA:53,1
DA:54,1
DA:55,4
DA:56,1
DA:57,1
DA:58,1
DA:59,1
DA:60,1
DA:61,1
DA:62,1
DA:63,1
DA:64,1
DA:65,1
DA:68,2
DA:69,2
DA:70,2
DA:71,2
DA:72,2
DA:73,2
DA:74,2
DA:75,2
DA:76,2
DA:77,2
DA:78,2
DA:79,2
DA:80,2
DA:81,2
DA:82,2
DA:86,2
DA:87,2
DA:88,2
DA:89,2
DA:90,2
DA:91,2
DA:92,2
DA:93,2
DA:94,2
DA:95,2
DA:96,2
DA:97,2
DA:98,2
DA:99,2
DA:100,2
LF:59
LH:59
end_of_record
SF:lib/common/exception.dart
DA:6,4
LF:1
LH:1
end_of_record
SF:lib/data/models/movie/movie_response.dart
DA:8,2
DA:10,4
DA:11,4
DA:12,6
DA:13,6
DA:16,2
DA:17,5
DA:20,1
DA:21,2
LF:9
LH:9
end_of_record
SF:lib/data/models/serial/serial_response.dart
DA:8,2
DA:10,2
DA:11,2
DA:12,4
DA:13,6
DA:14,4
DA:15,6
DA:18,2
DA:19,5
DA:22,1
DA:23,2
LF:11
LH:11
end_of_record
SF:lib/data/repositories/movie/movie_repository_impl.dart
DA:17,1
DA:22,1
DA:25,2
DA:26,5
DA:27,1
DA:28,2
DA:29,1
DA:30,2
DA:34,1
DA:37,2
DA:38,2
DA:39,1
DA:40,2
DA:41,1
DA:42,2
DA:46,1
DA:49,2
DA:50,3
DA:51,1
DA:52,2
DA:53,1
DA:54,2
DA:58,1
DA:61,2
DA:62,5
DA:63,1
DA:64,2
DA:65,1
DA:66,2
DA:70,1
DA:73,2
DA:74,5
DA:75,1
DA:76,2
DA:77,1
DA:78,2
DA:82,1
DA:85,2
DA:86,5
DA:87,1
DA:88,2
DA:89,1
DA:90,2
DA:94,1
DA:98,3
DA:99,1
DA:100,1
DA:101,3
DA:107,1
DA:111,3
DA:112,1
DA:113,1
DA:114,3
DA:118,1
DA:120,2
DA:124,1
DA:126,2
DA:127,5
LF:58
LH:58
end_of_record
SF:lib/data/repositories/serial/serial_repository_impl.dart
DA:21,1
DA:26,1
DA:29,2
DA:30,5
DA:31,1
DA:32,2
DA:33,1
DA:34,2
DA:38,1
DA:41,2
DA:42,5
DA:43,1
DA:44,2
DA:45,1
DA:46,2
DA:50,1
DA:53,2
DA:54,5
DA:55,1
DA:56,2
DA:57,1
DA:58,2
DA:62,1
DA:65,2
DA:66,5
DA:67,1
DA:68,2
DA:69,1
DA:70,2
DA:74,1
DA:77,2
DA:78,2
DA:79,1
DA:80,2
DA:81,1
DA:82,2
DA:86,1
DA:91,2
DA:92,3
DA:93,1
DA:94,2
DA:95,1
DA:96,2
DA:100,1
DA:102,2
DA:103,5
DA:106,1
DA:108,2
DA:112,1
DA:115,1
DA:116,2
DA:117,1
DA:118,1
DA:119,3
DA:123,1
DA:126,1
DA:127,2
DA:128,1
DA:129,1
DA:130,3
LF:60
LH:60
end_of_record
